{"/home/yuki/projects/github/test-go1-events/backend/api/app.ts": {"path":"/home/yuki/projects/github/test-go1-events/backend/api/app.ts","statementMap":{"0":{"start":{"line":1,"column":0},"end":{"line":1,"column":27}},"1":{"start":{"line":2,"column":0},"end":{"line":2,"column":44}},"2":{"start":{"line":4,"column":0},"end":{"line":8,"column":null}}},"fnMap":{},"branchMap":{},"s":{"0":1,"1":1,"2":1},"f":{},"b":{}}
,"/home/yuki/projects/github/test-go1-events/backend/api/graphql/Event.ts": {"path":"/home/yuki/projects/github/test-go1-events/backend/api/graphql/Event.ts","statementMap":{"0":{"start":{"line":1,"column":0},"end":{"line":1,"column":30}},"1":{"start":{"line":2,"column":0},"end":{"line":2,"column":59}},"2":{"start":{"line":4,"column":0},"end":{"line":14,"column":null}},"3":{"start":{"line":7,"column":4},"end":{"line":7,"column":null}},"4":{"start":{"line":8,"column":4},"end":{"line":8,"column":null}},"5":{"start":{"line":9,"column":4},"end":{"line":9,"column":null}},"6":{"start":{"line":10,"column":4},"end":{"line":10,"column":null}},"7":{"start":{"line":11,"column":4},"end":{"line":11,"column":null}},"8":{"start":{"line":12,"column":4},"end":{"line":12,"column":null}},"9":{"start":{"line":16,"column":0},"end":{"line":25,"column":null}},"10":{"start":{"line":19,"column":4},"end":{"line":19,"column":null}},"11":{"start":{"line":20,"column":4},"end":{"line":20,"column":null}},"12":{"start":{"line":21,"column":4},"end":{"line":21,"column":null}},"13":{"start":{"line":22,"column":4},"end":{"line":22,"column":null}},"14":{"start":{"line":23,"column":4},"end":{"line":23,"column":null}},"15":{"start":{"line":27,"column":0},"end":{"line":58,"column":null}},"16":{"start":{"line":30,"column":4},"end":{"line":56,"column":null}},"17":{"start":{"line":37,"column":55},"end":{"line":55,"column":null}},"18":{"start":{"line":37,"column":32},"end":{"line":37,"column":37}},"19":{"start":{"line":37,"column":41},"end":{"line":37,"column":45}},"20":{"start":{"line":38,"column":8},"end":{"line":54,"column":null}}},"fnMap":{"0":{"name":"(anonymous_8)","decl":{"start":{"line":6,"column":14},"end":{"line":6,"column":15}},"loc":{"start":{"line":6,"column":18},"end":{"line":13,"column":3}}},"1":{"name":"(anonymous_9)","decl":{"start":{"line":18,"column":14},"end":{"line":18,"column":15}},"loc":{"start":{"line":18,"column":18},"end":{"line":24,"column":3}}},"2":{"name":"(anonymous_10)","decl":{"start":{"line":29,"column":14},"end":{"line":29,"column":15}},"loc":{"start":{"line":29,"column":18},"end":{"line":57,"column":3}}},"3":{"name":"(anonymous_11)","decl":{"start":{"line":37,"column":15},"end":{"line":37,"column":22}},"loc":{"start":{"line":37,"column":55},"end":{"line":55,"column":null}}},"4":{"name":"(anonymous_12)","decl":{"start":{"line":37,"column":55},"end":{"line":37,"column":null}},"loc":{"start":{"line":37,"column":55},"end":{"line":55,"column":7}}}},"branchMap":{"0":{"loc":{"start":{"line":41,"column":50},"end":{"line":41,"column":54}},"type":"cond-expr","locations":[{"start":{"line":41,"column":50},"end":{"line":41,"column":54}},{"start":{"line":41,"column":54},"end":{"line":41,"column":63}}]},"1":{"loc":{"start":{"line":41,"column":33},"end":{"line":41,"column":54}},"type":"binary-expr","locations":[{"start":{"line":41,"column":33},"end":{"line":41,"column":54}},{"start":{"line":41,"column":50},"end":{"line":41,"column":54}}]},"2":{"loc":{"start":{"line":41,"column":40},"end":{"line":41,"column":42}},"type":"cond-expr","locations":[{"start":{"line":41,"column":40},"end":{"line":41,"column":42}},{"start":{"line":41,"column":35},"end":{"line":41,"column":50}}]},"3":{"loc":{"start":{"line":41,"column":35},"end":{"line":41,"column":42}},"type":"binary-expr","locations":[{"start":{"line":41,"column":35},"end":{"line":41,"column":42}},{"start":{"line":41,"column":35},"end":{"line":41,"column":42}}]},"4":{"loc":{"start":{"line":42,"column":40},"end":{"line":42,"column":44}},"type":"cond-expr","locations":[{"start":{"line":42,"column":40},"end":{"line":42,"column":44}},{"start":{"line":42,"column":44},"end":{"line":42,"column":53}}]},"5":{"loc":{"start":{"line":42,"column":27},"end":{"line":42,"column":44}},"type":"binary-expr","locations":[{"start":{"line":42,"column":27},"end":{"line":42,"column":44}},{"start":{"line":42,"column":40},"end":{"line":42,"column":44}}]},"6":{"loc":{"start":{"line":42,"column":34},"end":{"line":42,"column":36}},"type":"cond-expr","locations":[{"start":{"line":42,"column":34},"end":{"line":42,"column":36}},{"start":{"line":42,"column":29},"end":{"line":42,"column":40}}]},"7":{"loc":{"start":{"line":42,"column":29},"end":{"line":42,"column":36}},"type":"binary-expr","locations":[{"start":{"line":42,"column":29},"end":{"line":42,"column":36}},{"start":{"line":42,"column":29},"end":{"line":42,"column":36}}]},"8":{"loc":{"start":{"line":44,"column":43},"end":{"line":44,"column":47}},"type":"cond-expr","locations":[{"start":{"line":44,"column":43},"end":{"line":44,"column":47}},{"start":{"line":44,"column":47},"end":{"line":44,"column":56}}]},"9":{"loc":{"start":{"line":44,"column":30},"end":{"line":44,"column":47}},"type":"binary-expr","locations":[{"start":{"line":44,"column":30},"end":{"line":44,"column":47}},{"start":{"line":44,"column":43},"end":{"line":44,"column":47}}]},"10":{"loc":{"start":{"line":44,"column":37},"end":{"line":44,"column":39}},"type":"cond-expr","locations":[{"start":{"line":44,"column":37},"end":{"line":44,"column":39}},{"start":{"line":44,"column":32},"end":{"line":44,"column":43}}]},"11":{"loc":{"start":{"line":44,"column":32},"end":{"line":44,"column":39}},"type":"binary-expr","locations":[{"start":{"line":44,"column":32},"end":{"line":44,"column":39}},{"start":{"line":44,"column":32},"end":{"line":44,"column":39}}]},"12":{"loc":{"start":{"line":47,"column":45},"end":{"line":47,"column":49}},"type":"cond-expr","locations":[{"start":{"line":47,"column":45},"end":{"line":47,"column":49}},{"start":{"line":47,"column":49},"end":{"line":47,"column":58}}]},"13":{"loc":{"start":{"line":47,"column":31},"end":{"line":47,"column":49}},"type":"binary-expr","locations":[{"start":{"line":47,"column":31},"end":{"line":47,"column":49}},{"start":{"line":47,"column":45},"end":{"line":47,"column":49}}]},"14":{"loc":{"start":{"line":47,"column":38},"end":{"line":47,"column":40}},"type":"cond-expr","locations":[{"start":{"line":47,"column":38},"end":{"line":47,"column":40}},{"start":{"line":47,"column":33},"end":{"line":47,"column":45}}]},"15":{"loc":{"start":{"line":47,"column":33},"end":{"line":47,"column":40}},"type":"binary-expr","locations":[{"start":{"line":47,"column":33},"end":{"line":47,"column":40}},{"start":{"line":47,"column":33},"end":{"line":47,"column":40}}]},"16":{"loc":{"start":{"line":50,"column":49},"end":{"line":50,"column":53}},"type":"cond-expr","locations":[{"start":{"line":50,"column":49},"end":{"line":50,"column":53}},{"start":{"line":50,"column":53},"end":{"line":50,"column":62}}]},"17":{"loc":{"start":{"line":50,"column":33},"end":{"line":50,"column":53}},"type":"binary-expr","locations":[{"start":{"line":50,"column":33},"end":{"line":50,"column":53}},{"start":{"line":50,"column":49},"end":{"line":50,"column":53}}]},"18":{"loc":{"start":{"line":50,"column":40},"end":{"line":50,"column":42}},"type":"cond-expr","locations":[{"start":{"line":50,"column":40},"end":{"line":50,"column":42}},{"start":{"line":50,"column":35},"end":{"line":50,"column":49}}]},"19":{"loc":{"start":{"line":50,"column":35},"end":{"line":50,"column":42}},"type":"binary-expr","locations":[{"start":{"line":50,"column":35},"end":{"line":50,"column":42}},{"start":{"line":50,"column":35},"end":{"line":50,"column":42}}]}},"s":{"0":1,"1":1,"2":1,"3":2,"4":2,"5":2,"6":2,"7":2,"8":2,"9":1,"10":2,"11":2,"12":2,"13":2,"14":2,"15":1,"16":2,"17":1,"18":1,"19":1,"20":1},"f":{"0":2,"1":2,"2":2,"3":1,"4":1},"b":{"0":[0,1],"1":[1,1],"2":[1,0],"3":[1,1],"4":[0,1],"5":[1,1],"6":[1,0],"7":[1,1],"8":[0,1],"9":[1,1],"10":[1,0],"11":[1,1],"12":[0,1],"13":[1,1],"14":[1,0],"15":[1,1],"16":[0,1],"17":[1,1],"18":[1,0],"19":[1,1]}}
,"/home/yuki/projects/github/test-go1-events/backend/api/graphql/Location.ts": {"path":"/home/yuki/projects/github/test-go1-events/backend/api/graphql/Location.ts","statementMap":{"0":{"start":{"line":1,"column":0},"end":{"line":1,"column":30}},"1":{"start":{"line":3,"column":0},"end":{"line":11,"column":null}},"2":{"start":{"line":6,"column":4},"end":{"line":6,"column":null}},"3":{"start":{"line":7,"column":4},"end":{"line":7,"column":null}},"4":{"start":{"line":8,"column":4},"end":{"line":8,"column":null}},"5":{"start":{"line":9,"column":4},"end":{"line":9,"column":null}}},"fnMap":{"0":{"name":"(anonymous_0)","decl":{"start":{"line":5,"column":14},"end":{"line":5,"column":15}},"loc":{"start":{"line":5,"column":18},"end":{"line":10,"column":3}}}},"branchMap":{},"s":{"0":1,"1":1,"2":2,"3":2,"4":2,"5":2},"f":{"0":2},"b":{}}
,"/home/yuki/projects/github/test-go1-events/backend/api/graphql/Node.ts": {"path":"/home/yuki/projects/github/test-go1-events/backend/api/graphql/Node.ts","statementMap":{"0":{"start":{"line":1,"column":0},"end":{"line":1,"column":30}},"1":{"start":{"line":2,"column":0},"end":{"line":2,"column":56}},"2":{"start":{"line":3,"column":0},"end":{"line":3,"column":47}},"3":{"start":{"line":5,"column":0},"end":{"line":21,"column":null}},"4":{"start":{"line":8,"column":4},"end":{"line":14,"column":null}},"5":{"start":{"line":12,"column":8},"end":{"line":12,"column":null}},"6":{"start":{"line":16,"column":4},"end":{"line":19,"column":null}},"7":{"start":{"line":18,"column":6},"end":{"line":18,"column":null}},"8":{"start":{"line":23,"column":0},"end":{"line":60,"column":null}},"9":{"start":{"line":26,"column":4},"end":{"line":38,"column":null}},"10":{"start":{"line":29,"column":41},"end":{"line":37,"column":null}},"11":{"start":{"line":30,"column":43},"end":{"line":30,"column":66}},"12":{"start":{"line":32,"column":21},"end":{"line":32,"column":70}},"13":{"start":{"line":33,"column":8},"end":{"line":35,"column":null}},"14":{"start":{"line":39,"column":4},"end":{"line":58,"column":null}},"15":{"start":{"line":48,"column":8},"end":{"line":56,"column":null}},"16":{"start":{"line":48,"column":45},"end":{"line":56,"column":10}},"17":{"start":{"line":49,"column":45},"end":{"line":49,"column":69}},"18":{"start":{"line":51,"column":23},"end":{"line":51,"column":72}},"19":{"start":{"line":52,"column":10},"end":{"line":54,"column":null}},"20":{"start":{"line":65,"column":23},"end":{"line":69,"column":1}},"21":{"start":{"line":66,"column":23},"end":{"line":66,"column":45}},"22":{"start":{"line":67,"column":23},"end":{"line":67,"column":67}},"23":{"start":{"line":68,"column":2},"end":{"line":68,"column":null}}},"fnMap":{"0":{"name":"(anonymous_7)","decl":{"start":{"line":7,"column":14},"end":{"line":7,"column":15}},"loc":{"start":{"line":7,"column":18},"end":{"line":20,"column":3}}},"1":{"name":"(anonymous_8)","decl":{"start":{"line":11,"column":15},"end":{"line":11,"column":16}},"loc":{"start":{"line":11,"column":51},"end":{"line":13,"column":7}}},"2":{"name":"(anonymous_9)","decl":{"start":{"line":16,"column":18},"end":{"line":16,"column":22}},"loc":{"start":{"line":16,"column":25},"end":{"line":19,"column":5}}},"3":{"name":"(anonymous_10)","decl":{"start":{"line":25,"column":14},"end":{"line":25,"column":15}},"loc":{"start":{"line":25,"column":18},"end":{"line":59,"column":3}}},"4":{"name":"(anonymous_11)","decl":{"start":{"line":29,"column":15},"end":{"line":29,"column":22}},"loc":{"start":{"line":29,"column":41},"end":{"line":37,"column":null}}},"5":{"name":"(anonymous_12)","decl":{"start":{"line":29,"column":41},"end":{"line":29,"column":null}},"loc":{"start":{"line":29,"column":41},"end":{"line":37,"column":7}}},"6":{"name":"(anonymous_13)","decl":{"start":{"line":47,"column":15},"end":{"line":47,"column":16}},"loc":{"start":{"line":47,"column":35},"end":{"line":57,"column":7}}},"7":{"name":"(anonymous_14)","decl":{"start":{"line":48,"column":28},"end":{"line":48,"column":34}},"loc":{"start":{"line":48,"column":45},"end":{"line":56,"column":10}}},"8":{"name":"(anonymous_15)","decl":{"start":{"line":48,"column":45},"end":{"line":48,"column":null}},"loc":{"start":{"line":48,"column":45},"end":{"line":56,"column":9}}},"9":{"name":"(anonymous_16)","decl":{"start":{"line":65,"column":23},"end":{"line":65,"column":24}},"loc":{"start":{"line":65,"column":96},"end":{"line":69,"column":1}}}},"branchMap":{},"s":{"0":1,"1":1,"2":1,"3":1,"4":2,"5":9,"6":2,"7":1,"8":1,"9":2,"10":1,"11":1,"12":1,"13":1,"14":2,"15":0,"16":0,"17":0,"18":0,"19":0,"20":1,"21":1,"22":1,"23":1},"f":{"0":2,"1":9,"2":1,"3":2,"4":1,"5":1,"6":0,"7":0,"8":0,"9":1},"b":{}}
,"/home/yuki/projects/github/test-go1-events/backend/api/graphql/Seat.ts": {"path":"/home/yuki/projects/github/test-go1-events/backend/api/graphql/Seat.ts","statementMap":{"0":{"start":{"line":1,"column":0},"end":{"line":1,"column":30}},"1":{"start":{"line":3,"column":0},"end":{"line":8,"column":null}},"2":{"start":{"line":6,"column":4},"end":{"line":6,"column":null}}},"fnMap":{"0":{"name":"(anonymous_0)","decl":{"start":{"line":5,"column":14},"end":{"line":5,"column":15}},"loc":{"start":{"line":5,"column":18},"end":{"line":7,"column":3}}}},"branchMap":{},"s":{"0":1,"1":1,"2":2},"f":{"0":2},"b":{}}
,"/home/yuki/projects/github/test-go1-events/backend/tests/__helpers.ts": {"path":"/home/yuki/projects/github/test-go1-events/backend/tests/__helpers.ts","statementMap":{"0":{"start":{"line":1,"column":0},"end":{"line":1,"column":91}},"1":{"start":{"line":4,"column":12},"end":{"line":4,"column":29}},"2":{"start":{"line":6,"column":2},"end":{"line":9,"column":null}},"3":{"start":{"line":6,"column":23},"end":{"line":9,"column":4}},"4":{"start":{"line":7,"column":4},"end":{"line":7,"column":null}},"5":{"start":{"line":8,"column":4},"end":{"line":8,"column":null}},"6":{"start":{"line":11,"column":2},"end":{"line":16,"column":null}},"7":{"start":{"line":11,"column":22},"end":{"line":16,"column":4}},"8":{"start":{"line":14,"column":4},"end":{"line":14,"column":null}},"9":{"start":{"line":15,"column":4},"end":{"line":15,"column":null}},"10":{"start":{"line":18,"column":2},"end":{"line":18,"column":null}},"11":{"start":{"line":3,"column":0},"end":{"line":3,"column":16}}},"fnMap":{"0":{"name":"createTestContext","decl":{"start":{"line":3,"column":16},"end":{"line":3,"column":33}},"loc":{"start":{"line":3,"column":33},"end":{"line":19,"column":1}}},"1":{"name":"(anonymous_8)","decl":{"start":{"line":6,"column":12},"end":{"line":6,"column":21}},"loc":{"start":{"line":6,"column":23},"end":{"line":9,"column":4}}},"2":{"name":"(anonymous_9)","decl":{"start":{"line":6,"column":23},"end":{"line":6,"column":null}},"loc":{"start":{"line":6,"column":23},"end":{"line":9,"column":3}}},"3":{"name":"(anonymous_10)","decl":{"start":{"line":11,"column":11},"end":{"line":11,"column":20}},"loc":{"start":{"line":11,"column":22},"end":{"line":16,"column":4}}},"4":{"name":"(anonymous_11)","decl":{"start":{"line":11,"column":22},"end":{"line":11,"column":null}},"loc":{"start":{"line":11,"column":22},"end":{"line":16,"column":3}}}},"branchMap":{},"s":{"0":1,"1":1,"2":1,"3":1,"4":1,"5":1,"6":1,"7":1,"8":1,"9":1,"10":1,"11":1},"f":{"0":1,"1":1,"2":1,"3":1,"4":1},"b":{}}
}
